<?xml version="1.0" encoding="UTF-8"?>
<!-- Generated by org.testng.reporters.JUnitXMLReporter -->
<testsuite ignored="0" hostname="LAPTOP-IOVGUPS1" failures="3" tests="4" name="Test" time="30.718" errors="0" timestamp="2022-06-28T22:48:05 IST">
  <testcase classname="Test.TestNG" name="login" time="0.209"/>
  <testcase classname="Test.TestNG" name="createNewAcc" time="5.164">
    <failure type="java.lang.AssertionError" message="The following asserts failed:
	expected [https://www.facebook.c] but found [https://www.facebook.com/]">
      <![CDATA[java.lang.AssertionError: The following asserts failed:
expected [https://www.facebook.c] but found [https://www.facebook.com/]
at Test.TestNG.createNewAcc(TestNG.java:70)
at java.base/java.util.ArrayList.forEach(ArrayList.java:1511)
... Removed 29 stack frames]]>
    </failure>
  </testcase> <!-- createNewAcc -->
  <testcase classname="Test.TestNG" name="forgetPass" time="1.412">
    <failure type="java.lang.AssertionError" message="expected [https://www.facebook.com/login/identify/?ctx=recover&amp;amp;ars=facebook_login&amp;amp;from_login_screen=0] but found [https://www.facebook.com/recover/initiate/?privacy_mutation_token=eyJ0eXBlIjowLCJjcmVhdGlvbl90aW1lIjoxNjU2NDM2Njc4LCJjYWxsc2l0ZV9pZCI6MzgxMjI5MDc5NTc1OTQ2fQ%3D%3D&amp;amp;ars=facebook_login]">
      <![CDATA[java.lang.AssertionError: expected [https://www.facebook.com/login/identify/?ctx=recover&ars=facebook_login&from_login_screen=0] but found [https://www.facebook.com/recover/initiate/?privacy_mutation_token=eyJ0eXBlIjowLCJjcmVhdGlvbl90aW1lIjoxNjU2NDM2Njc4LCJjYWxsc2l0ZV9pZCI6MzgxMjI5MDc5NTc1OTQ2fQ%3D%3D&ars=facebook_login]
at Test.TestNG.forgetPass(TestNG.java:80)
at java.base/java.util.ArrayList.forEach(ArrayList.java:1511)
... Removed 33 stack frames]]>
    </failure>
  </testcase> <!-- forgetPass -->
  <testcase classname="Test.TestNG" name="language" time="1.172">
    <failure type="java.lang.AssertionError" message="The following asserts failed:
	expected [https://mr-in.facebook.c] but found [https://mr-in.facebook.com/]">
      <![CDATA[java.lang.AssertionError: The following asserts failed:
expected [https://mr-in.facebook.c] but found [https://mr-in.facebook.com/]
at Test.TestNG.language(TestNG.java:92)
at java.base/java.util.ArrayList.forEach(ArrayList.java:1511)
... Removed 29 stack frames]]>
    </failure>
  </testcase> <!-- language -->
</testsuite> <!-- Test -->
